
Showing logs for build [32mcb-kubecd-environment-pr-244-1-gq5hs-1[0m stage [32mfrom-build-pack[0m and container [32mstep-credential-initializer-x2ch5[0m
{"level":"info","ts":1593171272.1367693,"logger":"fallback-logger","caller":"logging/config.go:69","msg":"Fetch GitHub commit ID from kodata failed: open /var/run/ko/refs/heads/0.8.0-ns-support: no such file or directory"}
{"level":"info","ts":1593171272.137731,"logger":"fallback-logger","caller":"creds-init/main.go:40","msg":"Credentials initialized."}

Showing logs for build [32mcb-kubecd-environment-pr-244-1-gq5hs-1[0m stage [32mfrom-build-pack[0m and container [32mstep-working-dir-initializer-92lnf[0m
{"level":"info","ts":1593171274.0385246,"logger":"fallback-logger","caller":"logging/config.go:69","msg":"Fetch GitHub commit ID from kodata failed: open /var/run/ko/HEAD: no such file or directory"}
{"level":"info","ts":1593171274.0399377,"logger":"fallback-logger","caller":"bash/main.go:64","msg":"Successfully executed command \"sh -c mkdir -p /workspace/source\"; output "}

Showing logs for build [32mcb-kubecd-environment-pr-244-1-gq5hs-1[0m stage [32mfrom-build-pack[0m and container [32mstep-place-tools[0m

Showing logs for build [32mcb-kubecd-environment-pr-244-1-gq5hs-1[0m stage [32mfrom-build-pack[0m and container [32mstep-git-source-cb-kubecd-environment-pr-244-1-gq5hs-ms6sd[0m
{"level":"info","ts":1593171280.5586424,"logger":"fallback-logger","caller":"logging/config.go:69","msg":"Fetch GitHub commit ID from kodata failed: open /var/run/ko/refs/heads/0.8.0-ns-support: no such file or directory"}
{"level":"info","ts":1593171281.6695879,"logger":"fallback-logger","caller":"git/git.go:103","msg":"Successfully cloned https://github.com/cb-kubecd/environment-pr-244-1-boot-gke-staging.git @ master in path /workspace/source"}

Showing logs for build [32mcb-kubecd-environment-pr-244-1-gq5hs-1[0m stage [32mfrom-build-pack[0m and container [32mstep-git-merge[0m
Using SHAs from PULL_REFS=master:4396b3fddbf2cbf21becfce70598823ffda7d810,1:5938272b864ea17e26161d18b5f97a2c0c19c5eb
DEBUG: LC_ALL=C JX_LOG_LEVEL=error git fetch origin --unshallow 5938272b864ea17e26161d18b5f97a2c0c19c5eb: 4396b3fddbf2cbf21becfce70598823ffda7d810:
DEBUG: ran git fetch --unshallow origin 5938272b864ea17e26161d18b5f97a2c0c19c5eb: 4396b3fddbf2cbf21becfce70598823ffda7d810: in 
DEBUG: LC_ALL=C JX_LOG_LEVEL=error git branch
DEBUG: JX_LOG_LEVEL=error LC_ALL=C git checkout master
DEBUG: ran git checkout master in 
DEBUG: LC_ALL=C JX_LOG_LEVEL=error git reset --hard 4396b3fddbf2cbf21becfce70598823ffda7d810
DEBUG: ran git reset --hard 4396b3fddbf2cbf21becfce70598823ffda7d810 in 
DEBUG: LC_ALL=C JX_LOG_LEVEL=error git clean -fd .
DEBUG: ran clean --force -d . in 
DEBUG: LC_ALL=C JX_LOG_LEVEL=error git merge 5938272b864ea17e26161d18b5f97a2c0c19c5eb
DEBUG: ran git merge 5938272b864ea17e26161d18b5f97a2c0c19c5eb in 
DEBUG: JX_LOG_LEVEL=error LC_ALL=C git log --format=%H%x1f%an%x1f%ae%x1f%cn%x1f%ce%x1f%s%n%b%x1e 4396b3fddbf2cbf21becfce70598823ffda7d810..HEAD
Merged SHA 5938272b864ea17e26161d18b5f97a2c0c19c5eb with commit message 'chore: Promote bdd-spring-1593170902 to version 0.0.1' into base branch master

Showing logs for build [32mcb-kubecd-environment-pr-244-1-gq5hs-1[0m stage [32mfrom-build-pack[0m and container [32mstep-build-helm-build[0m
WARNING: No $CHART_REPOSITORY defined so using the default value of: http://jenkins-x-chartmuseum:8080
Adding missing Helm repo: storage.googleapis.com https://storage.googleapis.com/chartmuseum.jenkins-x.io
WARNING: No secrets found on "helm/repos" due: reading the secret "helm/repos" from vault: no secret "helm/repos" not found in vault
Read credentials for https://storage.googleapis.com/chartmuseum.jenkins-x.io from vault helm/repos
Successfully added Helm repository storage.googleapis.com.
Adding missing Helm repo: jenkins-x-chartmuseum http://jenkins-x-chartmuseum:8080
WARNING: No secrets found on "helm/repos" due: reading the secret "helm/repos" from vault: no secret "helm/repos" not found in vault
Read credentials for http://jenkins-x-chartmuseum:8080 from vault helm/repos
Successfully added Helm repository jenkins-x-chartmuseum.
WARNING: No $CHART_REPOSITORY defined so using the default value of: http://jenkins-x-chartmuseum:8080
Adding missing Helm repo: chartmuseum.jenkins-x.io http://chartmuseum.jenkins-x.io
WARNING: No secrets found on "helm/repos" due: reading the secret "helm/repos" from vault: no secret "helm/repos" not found in vault
Read credentials for http://chartmuseum.jenkins-x.io from vault helm/repos
Successfully added Helm repository chartmuseum.jenkins-x.io.
